<?xml version="1.0" encoding="UTF-8"?>
<testng-results skipped="0" failed="0" ignored="0" total="1" passed="1">
  <reporter-output>
  </reporter-output>
  <suite name="Suite" duration-ms="23079" started-at="2022-09-22T05:54:21Z" finished-at="2022-09-22T05:54:44Z">
    <groups>
    </groups>
    <test name="End to end Framework Test" duration-ms="23079" started-at="2022-09-22T05:54:21Z" finished-at="2022-09-22T05:54:44Z">
      <class name="org.appium.TestUtils.testBS">
        <test-method status="PASS" signature="setup()[pri:0, instance:org.appium.TestUtils.testBS@411f53a0]" name="setup" is-config="true" duration-ms="21829" started-at="2022-09-22T05:54:21Z" finished-at="2022-09-22T05:54:43Z">
          <reporter-output>
          </reporter-output>
        </test-method> <!-- setup -->
        <test-method status="PASS" signature="testSearchAppium()[pri:0, instance:org.appium.TestUtils.testBS@411f53a0]" name="testSearchAppium" duration-ms="3" started-at="2022-09-22T05:54:43Z" finished-at="2022-09-22T05:54:43Z">
          <reporter-output>
          </reporter-output>
        </test-method> <!-- testSearchAppium -->
        <test-method status="PASS" signature="tearDown()[pri:0, instance:org.appium.TestUtils.testBS@411f53a0]" name="tearDown" is-config="true" duration-ms="1223" started-at="2022-09-22T05:54:43Z" finished-at="2022-09-22T05:54:44Z">
          <reporter-output>
          </reporter-output>
        </test-method> <!-- tearDown -->
      </class> <!-- org.appium.TestUtils.testBS -->
    </test> <!-- End to end Framework Test -->
  </suite> <!-- Suite -->
</testng-results>
