<?xml version="1.0" encoding="UTF-8"?>
<testng-results skipped="0" failed="0" ignored="0" total="1" passed="1">
  <reporter-output>
  </reporter-output>
  <suite name="Suite" duration-ms="23407" started-at="2022-09-22T05:41:30Z" finished-at="2022-09-22T05:41:53Z">
    <groups>
    </groups>
    <test name="End to end Framework Test" duration-ms="23407" started-at="2022-09-22T05:41:30Z" finished-at="2022-09-22T05:41:53Z">
      <class name="org.appium.TestUtils.testBS">
        <test-method status="PASS" signature="setup()[pri:0, instance:org.appium.TestUtils.testBS@40005471]" name="setup" is-config="true" duration-ms="22142" started-at="2022-09-22T05:41:30Z" finished-at="2022-09-22T05:41:52Z">
          <reporter-output>
          </reporter-output>
        </test-method> <!-- setup -->
        <test-method status="PASS" signature="testSearchAppium()[pri:0, instance:org.appium.TestUtils.testBS@40005471]" name="testSearchAppium" duration-ms="15" started-at="2022-09-22T05:41:52Z" finished-at="2022-09-22T05:41:52Z">
          <reporter-output>
          </reporter-output>
        </test-method> <!-- testSearchAppium -->
        <test-method status="PASS" signature="tearDown()[pri:0, instance:org.appium.TestUtils.testBS@40005471]" name="tearDown" is-config="true" duration-ms="1200" started-at="2022-09-22T05:41:52Z" finished-at="2022-09-22T05:41:53Z">
          <reporter-output>
          </reporter-output>
        </test-method> <!-- tearDown -->
      </class> <!-- org.appium.TestUtils.testBS -->
    </test> <!-- End to end Framework Test -->
  </suite> <!-- Suite -->
</testng-results>
